<?xml version="1.0" encoding="UTF-8"?>
<!-- Generated by org.testng.reporters.JUnitXMLReporter -->
<testsuite ignored="0" hostname="SabinaShaikh" failures="0" tests="2" name="Test" time="0.095" errors="0" timestamp="2024-11-25T15:39:04 IST">
  <testcase classname="TestBase.BaseClass" name="@BeforeClass Setup" time="0.016">
    <failure type="java.lang.Error" message="Unresolved compilation problems: 
	p cannot be resolved to a variable
	p cannot be resolved
	p cannot be resolved
">
      <![CDATA[java.lang.Error: Unresolved compilation problems: 
p cannot be resolved to a variable
p cannot be resolved
p cannot be resolved

at TestBase.BaseClass.Setup(BaseClass.java:31)
at java.base/java.util.ArrayList.forEach(ArrayList.java:1511)
... Removed 25 stack frames]]>
    </failure>
  </testcase> <!-- @BeforeClass Setup -->
  <testcase classname="TestBase.BaseClass" name="@AfterClass Teardown" time="0.0">
    <skipped/>
  </testcase> <!-- @AfterClass Teardown -->
  <testcase classname="TestBase.BaseClass" name="@BeforeClass Setup" time="0.001">
    <failure type="java.lang.Error" message="Unresolved compilation problems: 
	p cannot be resolved to a variable
	p cannot be resolved
	p cannot be resolved
">
      <![CDATA[java.lang.Error: Unresolved compilation problems: 
p cannot be resolved to a variable
p cannot be resolved
p cannot be resolved

at TestBase.BaseClass.Setup(BaseClass.java:31)
at java.base/java.util.ArrayList.forEach(ArrayList.java:1511)
... Removed 25 stack frames]]>
    </failure>
  </testcase> <!-- @BeforeClass Setup -->
  <testcase classname="TestBase.BaseClass" name="@AfterClass Teardown" time="0.0">
    <skipped/>
  </testcase> <!-- @AfterClass Teardown -->
  <testcase classname="testCases.TC_001_AccountRegistrationTest" name="Verify_Account_Registration" time="0.0">
    <skipped/>
  </testcase> <!-- Verify_Account_Registration -->
  <testcase classname="testCases.TC_002_LoginTest" name="verify_login" time="0.0">
    <skipped/>
  </testcase> <!-- verify_login -->
</testsuite> <!-- Test -->
